  ProyectoPolaca.cpp
c:\users\administrador1\desktop\pp1\carvajal_corral_c.polaca\carvajal_corral_c.polaca\proyectopolaca\proyectopolaca\proyectopolaca.cpp(66): warning C4996: 'fopen': This function or variable may be unsafe. Consider using fopen_s instead. To disable deprecation, use _CRT_SECURE_NO_WARNINGS. See online help for details.
  c:\program files (x86)\windows kits\10\include\10.0.15063.0\ucrt\stdio.h(207): note: vea la declaración de 'fopen'
c:\users\administrador1\desktop\pp1\carvajal_corral_c.polaca\carvajal_corral_c.polaca\proyectopolaca\proyectopolaca\proyectopolaca.cpp(165): warning C4996: 'fopen': This function or variable may be unsafe. Consider using fopen_s instead. To disable deprecation, use _CRT_SECURE_NO_WARNINGS. See online help for details.
  c:\program files (x86)\windows kits\10\include\10.0.15063.0\ucrt\stdio.h(207): note: vea la declaración de 'fopen'
c:\users\administrador1\desktop\pp1\carvajal_corral_c.polaca\carvajal_corral_c.polaca\proyectopolaca\proyectopolaca\proyectopolaca.cpp(178): warning C4996: 'fopen': This function or variable may be unsafe. Consider using fopen_s instead. To disable deprecation, use _CRT_SECURE_NO_WARNINGS. See online help for details.
  c:\program files (x86)\windows kits\10\include\10.0.15063.0\ucrt\stdio.h(207): note: vea la declaración de 'fopen'
c:\users\administrador1\desktop\pp1\carvajal_corral_c.polaca\carvajal_corral_c.polaca\proyectopolaca\proyectopolaca\proyectopolaca.cpp(253): warning C4018: '<': no coinciden signed/unsigned
c:\users\administrador1\desktop\pp1\carvajal_corral_c.polaca\carvajal_corral_c.polaca\proyectopolaca\proyectopolaca\proyectopolaca.cpp(251): warning C4996: 'getch': The POSIX name for this item is deprecated. Instead, use the ISO C and C++ conformant name: _getch. See online help for details.
  c:\program files (x86)\windows kits\10\include\10.0.15063.0\ucrt\conio.h(452): note: vea la declaración de 'getch'
c:\users\administrador1\desktop\pp1\carvajal_corral_c.polaca\carvajal_corral_c.polaca\proyectopolaca\proyectopolaca\proyectopolaca.cpp(202): warning C4101: 'desapila': variable local sin referencia
c:\users\administrador1\desktop\pp1\carvajal_corral_c.polaca\carvajal_corral_c.polaca\proyectopolaca\proyectopolaca\proyectopolaca.cpp(199): warning C4101: 'post': variable local sin referencia
c:\users\administrador1\desktop\pp1\carvajal_corral_c.polaca\carvajal_corral_c.polaca\proyectopolaca\proyectopolaca\proyectopolaca.cpp(290): warning C4101: 'cadena1': variable local sin referencia
c:\users\administrador1\desktop\pp1\carvajal_corral_c.polaca\carvajal_corral_c.polaca\proyectopolaca\proyectopolaca\proyectopolaca.cpp(291): warning C4101: 'desapila': variable local sin referencia
c:\users\administrador1\desktop\pp1\carvajal_corral_c.polaca\carvajal_corral_c.polaca\proyectopolaca\proyectopolaca\proyectopolaca.cpp(288): warning C4101: 'post': variable local sin referencia
c:\users\administrador1\desktop\pp1\carvajal_corral_c.polaca\carvajal_corral_c.polaca\proyectopolaca\proyectopolaca\proyectopolaca.cpp(371): warning C4018: '<': no coinciden signed/unsigned
c:\users\administrador1\desktop\pp1\carvajal_corral_c.polaca\carvajal_corral_c.polaca\proyectopolaca\proyectopolaca\proyectopolaca.cpp(495): warning C4018: '<': no coinciden signed/unsigned
c:\users\administrador1\desktop\pp1\carvajal_corral_c.polaca\carvajal_corral_c.polaca\proyectopolaca\proyectopolaca\proyectopolaca.cpp(728): warning C4101: 'v': variable local sin referencia
c:\users\administrador1\desktop\pp1\carvajal_corral_c.polaca\carvajal_corral_c.polaca\proyectopolaca\proyectopolaca\proyectopolaca.cpp(728): warning C4101: 'valor': variable local sin referencia
c:\users\administrador1\desktop\pp1\carvajal_corral_c.polaca\carvajal_corral_c.polaca\proyectopolaca\proyectopolaca\proyectopolaca.cpp(655): warning C4101: 'h': variable local sin referencia
c:\users\administrador1\desktop\pp1\carvajal_corral_c.polaca\carvajal_corral_c.polaca\proyectopolaca\proyectopolaca\proyectopolaca.cpp(808): warning C4996: 'getch': The POSIX name for this item is deprecated. Instead, use the ISO C and C++ conformant name: _getch. See online help for details.
  c:\program files (x86)\windows kits\10\include\10.0.15063.0\ucrt\conio.h(452): note: vea la declaración de 'getch'
c:\users\administrador1\desktop\pp1\carvajal_corral_c.polaca\carvajal_corral_c.polaca\proyectopolaca\proyectopolaca\proyectopolaca.cpp(825): warning C4101: 'indice': variable local sin referencia
c:\users\administrador1\desktop\pp1\carvajal_corral_c.polaca\carvajal_corral_c.polaca\proyectopolaca\proyectopolaca\proyectopolaca.cpp(847): warning C4996: 'strcpy': This function or variable may be unsafe. Consider using strcpy_s instead. To disable deprecation, use _CRT_SECURE_NO_WARNINGS. See online help for details.
  c:\program files (x86)\windows kits\10\include\10.0.15063.0\ucrt\string.h(136): note: vea la declaración de 'strcpy'
c:\users\administrador1\desktop\pp1\carvajal_corral_c.polaca\carvajal_corral_c.polaca\proyectopolaca\proyectopolaca\proyectopolaca.cpp(856): warning C4996: 'strcpy': This function or variable may be unsafe. Consider using strcpy_s instead. To disable deprecation, use _CRT_SECURE_NO_WARNINGS. See online help for details.
  c:\program files (x86)\windows kits\10\include\10.0.15063.0\ucrt\string.h(136): note: vea la declaración de 'strcpy'
c:\users\administrador1\desktop\pp1\carvajal_corral_c.polaca\carvajal_corral_c.polaca\proyectopolaca\proyectopolaca\proyectopolaca.cpp(863): warning C4996: 'strcat': This function or variable may be unsafe. Consider using strcat_s instead. To disable deprecation, use _CRT_SECURE_NO_WARNINGS. See online help for details.
  c:\program files (x86)\windows kits\10\include\10.0.15063.0\ucrt\string.h(93): note: vea la declaración de 'strcat'
c:\users\administrador1\desktop\pp1\carvajal_corral_c.polaca\carvajal_corral_c.polaca\proyectopolaca\proyectopolaca\proyectopolaca.cpp(880): warning C4018: '<': no coinciden signed/unsigned
c:\users\administrador1\desktop\pp1\carvajal_corral_c.polaca\carvajal_corral_c.polaca\proyectopolaca\proyectopolaca\proyectopolaca.cpp(931): warning C4996: 'fopen': This function or variable may be unsafe. Consider using fopen_s instead. To disable deprecation, use _CRT_SECURE_NO_WARNINGS. See online help for details.
  c:\program files (x86)\windows kits\10\include\10.0.15063.0\ucrt\stdio.h(207): note: vea la declaración de 'fopen'
c:\users\administrador1\desktop\pp1\carvajal_corral_c.polaca\carvajal_corral_c.polaca\proyectopolaca\proyectopolaca\proyectopolaca.cpp(1014): warning C4996: 'localtime': This function or variable may be unsafe. Consider using localtime_s instead. To disable deprecation, use _CRT_SECURE_NO_WARNINGS. See online help for details.
  c:\program files (x86)\windows kits\10\include\10.0.15063.0\ucrt\time.h(505): note: vea la declaración de 'localtime'
c:\users\administrador1\desktop\pp1\carvajal_corral_c.polaca\carvajal_corral_c.polaca\proyectopolaca\proyectopolaca\proyectopolaca.cpp(1023): warning C4996: 'localtime': This function or variable may be unsafe. Consider using localtime_s instead. To disable deprecation, use _CRT_SECURE_NO_WARNINGS. See online help for details.
  c:\program files (x86)\windows kits\10\include\10.0.15063.0\ucrt\time.h(505): note: vea la declaración de 'localtime'
c:\users\administrador1\desktop\pp1\carvajal_corral_c.polaca\carvajal_corral_c.polaca\proyectopolaca\proyectopolaca\proyectopolaca.cpp(1041): warning C4996: 'mkdir': The POSIX name for this item is deprecated. Instead, use the ISO C and C++ conformant name: _mkdir. See online help for details.
  c:\program files (x86)\windows kits\10\include\10.0.15063.0\ucrt\direct.h(110): note: vea la declaración de 'mkdir'
c:\users\administrador1\desktop\pp1\carvajal_corral_c.polaca\carvajal_corral_c.polaca\proyectopolaca\proyectopolaca\proyectopolaca.cpp(1055): warning C4996: 'fopen': This function or variable may be unsafe. Consider using fopen_s instead. To disable deprecation, use _CRT_SECURE_NO_WARNINGS. See online help for details.
  c:\program files (x86)\windows kits\10\include\10.0.15063.0\ucrt\stdio.h(207): note: vea la declaración de 'fopen'
  ProyectoPolaca.vcxproj -> C:\Users\Administrador1\Desktop\pp1\Carvajal_Corral_C.Polaca\Carvajal_Corral_C.Polaca\ProyectoPolaca\Debug\ProyectoPolaca.exe
  ProyectoPolaca.vcxproj -> C:\Users\Administrador1\Desktop\pp1\Carvajal_Corral_C.Polaca\Carvajal_Corral_C.Polaca\ProyectoPolaca\Debug\ProyectoPolaca.pdb (Partial PDB)
